<?xml version="1.0" encoding="UTF-8"?>
<robot generator="Robot 6.1.1 (Python 3.11.4 on win32)" generated="20230817 06:27:22.394" rpa="false" schemaversion="4">
<suite id="s1" name="Test" source="D:\Data C\Desktop\good doctor test\test.robot">
<test id="s1-t1" name="&quot;Lanjutkan&quot; button in register/login page should be disabled if phone number empty" line="82">
<kw name="Open goodDoctor">
<kw name="Open Application" library="AppiumLibrary">
<arg>${REMOTE_URL}</arg>
<arg>platformName=${PLATFORM_NAME}</arg>
<arg>platformVersion=${PLATFORM_VERSION}</arg>
<arg>deviceName=${DEVICE_NAME}</arg>
<arg>automationName=UiAutomator2</arg>
<arg>newCommandTimeout=2500</arg>
<arg>appActivity=${Activity_NAME}</arg>
<arg>appPackage=${PACKAGE_NAME}</arg>
<doc>Opens a new application to given Appium server.
Capabilities of appium server, Android and iOS,
Please check https://github.com/appium/appium/blob/master/docs/en/writing-running-appium/server-args.md
| *Option*            | *Man.* | *Description*     |
| remote_url          | Yes    | Appium server url |
| alias               | no     | alias             |
| strict_ssl          | No     | allows you to send commands to an invalid certificate host like a self-signed one. |</doc>
<status status="PASS" starttime="20230817 06:27:22.574" endtime="20230817 06:27:38.931"/>
</kw>
<status status="PASS" starttime="20230817 06:27:22.573" endtime="20230817 06:27:38.931"/>
</kw>
<kw name="Allow location access">
<kw name="Click Element" library="AppiumLibrary">
<arg>id=com.pajk.idpersonaldoc:id/positive</arg>
<doc>Click element identified by `locator`.</doc>
<msg timestamp="20230817 06:27:38.932" level="INFO">Clicking element 'id=com.pajk.idpersonaldoc:id/positive'.</msg>
<msg timestamp="20230817 06:27:39.875" level="INFO">criteria is com.pajk.idpersonaldoc:id/positive</msg>
<status status="PASS" starttime="20230817 06:27:38.931" endtime="20230817 06:27:39.875"/>
</kw>
<kw name="Wait Until Page Contains Element" library="AppiumLibrary">
<arg>id=com.android.permissioncontroller:id/permission_allow_foreground_only_button</arg>
<doc>Waits until element specified with `locator` appears on current page.</doc>
<msg timestamp="20230817 06:27:40.317" level="INFO">criteria is com.android.permissioncontroller:id/permission_allow_foreground_only_button</msg>
<status status="PASS" starttime="20230817 06:27:39.876" endtime="20230817 06:27:40.317"/>
</kw>
<kw name="Click Element" library="AppiumLibrary">
<arg>id=com.android.permissioncontroller:id/permission_allow_foreground_only_button</arg>
<doc>Click element identified by `locator`.</doc>
<msg timestamp="20230817 06:27:40.319" level="INFO">Clicking element 'id=com.android.permissioncontroller:id/permission_allow_foreground_only_button'.</msg>
<msg timestamp="20230817 06:27:40.830" level="INFO">criteria is com.android.permissioncontroller:id/permission_allow_foreground_only_button</msg>
<status status="PASS" starttime="20230817 06:27:40.317" endtime="20230817 06:27:40.830"/>
</kw>
<status status="PASS" starttime="20230817 06:27:38.931" endtime="20230817 06:27:40.830"/>
</kw>
<kw name="Tap button slider screen">
<kw name="Wait Until Page Contains Element" library="AppiumLibrary">
<arg>id=com.pajk.idpersonaldoc:id/go_btn</arg>
<doc>Waits until element specified with `locator` appears on current page.</doc>
<msg timestamp="20230817 06:27:42.909" level="INFO">criteria is com.pajk.idpersonaldoc:id/go_btn
criteria is com.pajk.idpersonaldoc:id/go_btn
criteria is com.pajk.idpersonaldoc:id/go_btn</msg>
<status status="PASS" starttime="20230817 06:27:40.832" endtime="20230817 06:27:42.909"/>
</kw>
<kw name="Click Element" library="AppiumLibrary">
<arg>id=com.pajk.idpersonaldoc:id/go_btn</arg>
<doc>Click element identified by `locator`.</doc>
<msg timestamp="20230817 06:27:42.910" level="INFO">Clicking element 'id=com.pajk.idpersonaldoc:id/go_btn'.</msg>
<msg timestamp="20230817 06:27:43.055" level="INFO">criteria is com.pajk.idpersonaldoc:id/go_btn</msg>
<status status="PASS" starttime="20230817 06:27:42.909" endtime="20230817 06:27:43.055"/>
</kw>
<status status="PASS" starttime="20230817 06:27:40.832" endtime="20230817 06:27:43.055"/>
</kw>
<kw name="Uncheck termCondition">
<kw name="Wait Until Page Contains Element" library="AppiumLibrary">
<arg>id=com.pajk.idpersonaldoc:id/login_select_agree_image</arg>
<doc>Waits until element specified with `locator` appears on current page.</doc>
<msg timestamp="20230817 06:27:43.965" level="INFO">criteria is com.pajk.idpersonaldoc:id/login_select_agree_image
criteria is com.pajk.idpersonaldoc:id/login_select_agree_image</msg>
<status status="PASS" starttime="20230817 06:27:43.057" endtime="20230817 06:27:43.965"/>
</kw>
<kw name="Click Element" library="AppiumLibrary">
<arg>id=com.pajk.idpersonaldoc:id/login_select_agree_image</arg>
<doc>Click element identified by `locator`.</doc>
<msg timestamp="20230817 06:27:43.968" level="INFO">Clicking element 'id=com.pajk.idpersonaldoc:id/login_select_agree_image'.</msg>
<msg timestamp="20230817 06:27:44.103" level="INFO">criteria is com.pajk.idpersonaldoc:id/login_select_agree_image</msg>
<status status="PASS" starttime="20230817 06:27:43.965" endtime="20230817 06:27:44.103"/>
</kw>
<status status="PASS" starttime="20230817 06:27:43.056" endtime="20230817 06:27:44.103"/>
</kw>
<kw name="Verify button is clickable">
<arg>clickable</arg>
<arg>False</arg>
<kw name="Element Attribute Should Match" library="AppiumLibrary">
<arg>id=com.pajk.idpersonaldoc:id/login_btn</arg>
<arg>${query}</arg>
<arg>${query2}</arg>
<doc>Verify that an attribute of an element matches the expected criteria.</doc>
<msg timestamp="20230817 06:27:45.072" level="INFO">Element 'id=com.pajk.idpersonaldoc:id/login_btn' attribute 'clickable' is 'False' </msg>
<msg timestamp="20230817 06:27:45.072" level="INFO">criteria is com.pajk.idpersonaldoc:id/login_btn</msg>
<status status="PASS" starttime="20230817 06:27:44.106" endtime="20230817 06:27:45.072"/>
</kw>
<status status="PASS" starttime="20230817 06:27:44.106" endtime="20230817 06:27:45.072"/>
</kw>
<status status="PASS" starttime="20230817 06:27:22.572" endtime="20230817 06:27:45.073"/>
</test>
<test id="s1-t2" name="Phone number filled but T&amp;C is uncheck, &quot;Lanjutkan&quot; button in register/login page should be disabled" line="89">
<kw name="Input phone number">
<arg>82227239963</arg>
<kw name="Wait Until Page Contains Element" library="AppiumLibrary">
<arg>id=com.pajk.idpersonaldoc:id/phone_number_edit</arg>
<doc>Waits until element specified with `locator` appears on current page.</doc>
<msg timestamp="20230817 06:27:45.136" level="INFO">criteria is com.pajk.idpersonaldoc:id/phone_number_edit</msg>
<status status="PASS" starttime="20230817 06:27:45.074" endtime="20230817 06:27:45.136"/>
</kw>
<kw name="Click Element" library="AppiumLibrary">
<arg>id=com.pajk.idpersonaldoc:id/phone_number_edit</arg>
<doc>Click element identified by `locator`.</doc>
<msg timestamp="20230817 06:27:45.138" level="INFO">Clicking element 'id=com.pajk.idpersonaldoc:id/phone_number_edit'.</msg>
<msg timestamp="20230817 06:27:45.263" level="INFO">criteria is com.pajk.idpersonaldoc:id/phone_number_edit</msg>
<status status="PASS" starttime="20230817 06:27:45.137" endtime="20230817 06:27:45.263"/>
</kw>
<kw name="Input Text" library="AppiumLibrary">
<arg>id=com.pajk.idpersonaldoc:id/phone_number_edit</arg>
<arg>${phonenumber}</arg>
<doc>Types the given `text` into text field identified by `locator`.</doc>
<msg timestamp="20230817 06:27:45.264" level="INFO">Typing text '82227239963' into text field 'id=com.pajk.idpersonaldoc:id/phone_number_edit'</msg>
<msg timestamp="20230817 06:27:46.831" level="INFO">criteria is com.pajk.idpersonaldoc:id/phone_number_edit</msg>
<status status="PASS" starttime="20230817 06:27:45.263" endtime="20230817 06:27:46.831"/>
</kw>
<status status="PASS" starttime="20230817 06:27:45.074" endtime="20230817 06:27:46.831"/>
</kw>
<kw name="Verify button is clickable">
<arg>clickable</arg>
<arg>False</arg>
<kw name="Element Attribute Should Match" library="AppiumLibrary">
<arg>id=com.pajk.idpersonaldoc:id/login_btn</arg>
<arg>${query}</arg>
<arg>${query2}</arg>
<doc>Verify that an attribute of an element matches the expected criteria.</doc>
<msg timestamp="20230817 06:27:47.554" level="INFO">Element 'id=com.pajk.idpersonaldoc:id/login_btn' attribute 'clickable' is 'False' </msg>
<msg timestamp="20230817 06:27:47.554" level="INFO">criteria is com.pajk.idpersonaldoc:id/login_btn</msg>
<status status="PASS" starttime="20230817 06:27:46.833" endtime="20230817 06:27:47.555"/>
</kw>
<status status="PASS" starttime="20230817 06:27:46.832" endtime="20230817 06:27:47.555"/>
</kw>
<status status="PASS" starttime="20230817 06:27:45.073" endtime="20230817 06:27:47.556"/>
</test>
<test id="s1-t3" name="Phone number filled and T&amp;C is checked, &quot;Lanjutkan&quot; button in register/login page should be enabled" line="93">
<kw name="Uncheck termCondition">
<kw name="Wait Until Page Contains Element" library="AppiumLibrary">
<arg>id=com.pajk.idpersonaldoc:id/login_select_agree_image</arg>
<doc>Waits until element specified with `locator` appears on current page.</doc>
<msg timestamp="20230817 06:27:47.650" level="INFO">criteria is com.pajk.idpersonaldoc:id/login_select_agree_image</msg>
<status status="PASS" starttime="20230817 06:27:47.561" endtime="20230817 06:27:47.651"/>
</kw>
<kw name="Click Element" library="AppiumLibrary">
<arg>id=com.pajk.idpersonaldoc:id/login_select_agree_image</arg>
<doc>Click element identified by `locator`.</doc>
<msg timestamp="20230817 06:27:47.655" level="INFO">Clicking element 'id=com.pajk.idpersonaldoc:id/login_select_agree_image'.</msg>
<msg timestamp="20230817 06:27:47.807" level="INFO">criteria is com.pajk.idpersonaldoc:id/login_select_agree_image</msg>
<status status="PASS" starttime="20230817 06:27:47.651" endtime="20230817 06:27:47.807"/>
</kw>
<status status="PASS" starttime="20230817 06:27:47.561" endtime="20230817 06:27:47.807"/>
</kw>
<kw name="Input phone number">
<arg>82227239963</arg>
<kw name="Wait Until Page Contains Element" library="AppiumLibrary">
<arg>id=com.pajk.idpersonaldoc:id/phone_number_edit</arg>
<doc>Waits until element specified with `locator` appears on current page.</doc>
<msg timestamp="20230817 06:27:48.331" level="INFO">criteria is com.pajk.idpersonaldoc:id/phone_number_edit</msg>
<status status="PASS" starttime="20230817 06:27:47.808" endtime="20230817 06:27:48.332"/>
</kw>
<kw name="Click Element" library="AppiumLibrary">
<arg>id=com.pajk.idpersonaldoc:id/phone_number_edit</arg>
<doc>Click element identified by `locator`.</doc>
<msg timestamp="20230817 06:27:48.335" level="INFO">Clicking element 'id=com.pajk.idpersonaldoc:id/phone_number_edit'.</msg>
<msg timestamp="20230817 06:27:49.548" level="INFO">criteria is com.pajk.idpersonaldoc:id/phone_number_edit</msg>
<status status="PASS" starttime="20230817 06:27:48.332" endtime="20230817 06:27:49.548"/>
</kw>
<kw name="Input Text" library="AppiumLibrary">
<arg>id=com.pajk.idpersonaldoc:id/phone_number_edit</arg>
<arg>${phonenumber}</arg>
<doc>Types the given `text` into text field identified by `locator`.</doc>
<msg timestamp="20230817 06:27:49.553" level="INFO">Typing text '82227239963' into text field 'id=com.pajk.idpersonaldoc:id/phone_number_edit'</msg>
<msg timestamp="20230817 06:27:50.402" level="INFO">criteria is com.pajk.idpersonaldoc:id/phone_number_edit</msg>
<status status="PASS" starttime="20230817 06:27:49.549" endtime="20230817 06:27:50.403"/>
</kw>
<status status="PASS" starttime="20230817 06:27:47.807" endtime="20230817 06:27:50.403"/>
</kw>
<kw name="Verify button is clickable">
<arg>clickable</arg>
<arg>True</arg>
<kw name="Element Attribute Should Match" library="AppiumLibrary">
<arg>id=com.pajk.idpersonaldoc:id/login_btn</arg>
<arg>${query}</arg>
<arg>${query2}</arg>
<doc>Verify that an attribute of an element matches the expected criteria.</doc>
<msg timestamp="20230817 06:27:51.080" level="INFO">Element 'id=com.pajk.idpersonaldoc:id/login_btn' attribute 'clickable' is 'True' </msg>
<msg timestamp="20230817 06:27:51.080" level="INFO">criteria is com.pajk.idpersonaldoc:id/login_btn</msg>
<status status="PASS" starttime="20230817 06:27:50.405" endtime="20230817 06:27:51.080"/>
</kw>
<status status="PASS" starttime="20230817 06:27:50.404" endtime="20230817 06:27:51.080"/>
</kw>
<status status="PASS" starttime="20230817 06:27:47.560" endtime="20230817 06:27:51.082"/>
</test>
<test id="s1-t4" name="Phone number using invalid format e.g &quot;082227239963&quot; or &quot;751236489&quot; and T&amp;C is checked will give toast error" line="98">
<kw name="Input phone number">
<arg>082227239963</arg>
<kw name="Wait Until Page Contains Element" library="AppiumLibrary">
<arg>id=com.pajk.idpersonaldoc:id/phone_number_edit</arg>
<doc>Waits until element specified with `locator` appears on current page.</doc>
<msg timestamp="20230817 06:27:51.121" level="INFO">criteria is com.pajk.idpersonaldoc:id/phone_number_edit</msg>
<status status="PASS" starttime="20230817 06:27:51.085" endtime="20230817 06:27:51.122"/>
</kw>
<kw name="Click Element" library="AppiumLibrary">
<arg>id=com.pajk.idpersonaldoc:id/phone_number_edit</arg>
<doc>Click element identified by `locator`.</doc>
<msg timestamp="20230817 06:27:51.126" level="INFO">Clicking element 'id=com.pajk.idpersonaldoc:id/phone_number_edit'.</msg>
<msg timestamp="20230817 06:27:51.988" level="INFO">criteria is com.pajk.idpersonaldoc:id/phone_number_edit</msg>
<status status="PASS" starttime="20230817 06:27:51.122" endtime="20230817 06:27:51.988"/>
</kw>
<kw name="Input Text" library="AppiumLibrary">
<arg>id=com.pajk.idpersonaldoc:id/phone_number_edit</arg>
<arg>${phonenumber}</arg>
<doc>Types the given `text` into text field identified by `locator`.</doc>
<msg timestamp="20230817 06:27:51.992" level="INFO">Typing text '082227239963' into text field 'id=com.pajk.idpersonaldoc:id/phone_number_edit'</msg>
<msg timestamp="20230817 06:27:52.817" level="INFO">criteria is com.pajk.idpersonaldoc:id/phone_number_edit</msg>
<status status="PASS" starttime="20230817 06:27:51.988" endtime="20230817 06:27:52.817"/>
</kw>
<status status="PASS" starttime="20230817 06:27:51.085" endtime="20230817 06:27:52.817"/>
</kw>
<kw name="Tap Lanjutkan button">
<kw name="Click Element" library="AppiumLibrary">
<arg>id=com.pajk.idpersonaldoc:id/login_btn</arg>
<doc>Click element identified by `locator`.</doc>
<msg timestamp="20230817 06:27:52.823" level="INFO">Clicking element 'id=com.pajk.idpersonaldoc:id/login_btn'.</msg>
<msg timestamp="20230817 06:27:54.066" level="INFO">criteria is com.pajk.idpersonaldoc:id/login_btn</msg>
<status status="PASS" starttime="20230817 06:27:52.820" endtime="20230817 06:27:54.066"/>
</kw>
<status status="PASS" starttime="20230817 06:27:52.819" endtime="20230817 06:27:54.066"/>
</kw>
<kw name="Verify phone number page">
<kw name="Element Should Be Visible" library="AppiumLibrary">
<arg>id=com.pajk.idpersonaldoc:id/phone_number_edit</arg>
<arg>INFO</arg>
<doc>Verifies that element identified with locator is visible.</doc>
<msg timestamp="20230817 06:27:54.132" level="INFO">criteria is com.pajk.idpersonaldoc:id/phone_number_edit</msg>
<status status="PASS" starttime="20230817 06:27:54.068" endtime="20230817 06:27:54.133"/>
</kw>
<status status="PASS" starttime="20230817 06:27:54.068" endtime="20230817 06:27:54.133"/>
</kw>
<status status="PASS" starttime="20230817 06:27:51.084" endtime="20230817 06:27:54.134"/>
</test>
<test id="s1-t5" name="Input valid phone number and T&amp;C is checked, will be directed to OTP page" line="103">
<kw name="Input phone number">
<arg>82227239963</arg>
<kw name="Wait Until Page Contains Element" library="AppiumLibrary">
<arg>id=com.pajk.idpersonaldoc:id/phone_number_edit</arg>
<doc>Waits until element specified with `locator` appears on current page.</doc>
<msg timestamp="20230817 06:27:54.181" level="INFO">criteria is com.pajk.idpersonaldoc:id/phone_number_edit</msg>
<status status="PASS" starttime="20230817 06:27:54.139" endtime="20230817 06:27:54.181"/>
</kw>
<kw name="Click Element" library="AppiumLibrary">
<arg>id=com.pajk.idpersonaldoc:id/phone_number_edit</arg>
<doc>Click element identified by `locator`.</doc>
<msg timestamp="20230817 06:27:54.183" level="INFO">Clicking element 'id=com.pajk.idpersonaldoc:id/phone_number_edit'.</msg>
<msg timestamp="20230817 06:27:54.875" level="INFO">criteria is com.pajk.idpersonaldoc:id/phone_number_edit</msg>
<status status="PASS" starttime="20230817 06:27:54.182" endtime="20230817 06:27:54.875"/>
</kw>
<kw name="Input Text" library="AppiumLibrary">
<arg>id=com.pajk.idpersonaldoc:id/phone_number_edit</arg>
<arg>${phonenumber}</arg>
<doc>Types the given `text` into text field identified by `locator`.</doc>
<msg timestamp="20230817 06:27:54.877" level="INFO">Typing text '82227239963' into text field 'id=com.pajk.idpersonaldoc:id/phone_number_edit'</msg>
<msg timestamp="20230817 06:27:55.722" level="INFO">criteria is com.pajk.idpersonaldoc:id/phone_number_edit</msg>
<status status="PASS" starttime="20230817 06:27:54.876" endtime="20230817 06:27:55.722"/>
</kw>
<status status="PASS" starttime="20230817 06:27:54.138" endtime="20230817 06:27:55.723"/>
</kw>
<kw name="Verify button is clickable">
<arg>clickable</arg>
<arg>True</arg>
<kw name="Element Attribute Should Match" library="AppiumLibrary">
<arg>id=com.pajk.idpersonaldoc:id/login_btn</arg>
<arg>${query}</arg>
<arg>${query2}</arg>
<doc>Verify that an attribute of an element matches the expected criteria.</doc>
<msg timestamp="20230817 06:27:56.405" level="INFO">Element 'id=com.pajk.idpersonaldoc:id/login_btn' attribute 'clickable' is 'True' </msg>
<msg timestamp="20230817 06:27:56.405" level="INFO">criteria is com.pajk.idpersonaldoc:id/login_btn</msg>
<status status="PASS" starttime="20230817 06:27:55.725" endtime="20230817 06:27:56.405"/>
</kw>
<status status="PASS" starttime="20230817 06:27:55.724" endtime="20230817 06:27:56.405"/>
</kw>
<kw name="Tap Lanjutkan button">
<kw name="Click Element" library="AppiumLibrary">
<arg>id=com.pajk.idpersonaldoc:id/login_btn</arg>
<doc>Click element identified by `locator`.</doc>
<msg timestamp="20230817 06:27:56.411" level="INFO">Clicking element 'id=com.pajk.idpersonaldoc:id/login_btn'.</msg>
<msg timestamp="20230817 06:27:58.074" level="INFO">criteria is com.pajk.idpersonaldoc:id/login_btn</msg>
<status status="PASS" starttime="20230817 06:27:56.407" endtime="20230817 06:27:58.075"/>
</kw>
<status status="PASS" starttime="20230817 06:27:56.407" endtime="20230817 06:27:58.075"/>
</kw>
<kw name="Verify OTP Page">
<arg>82227239963</arg>
<kw name="Wait Until Page Contains Element" library="AppiumLibrary">
<arg>id=com.pajk.idpersonaldoc:id/text_sms_status</arg>
<doc>Waits until element specified with `locator` appears on current page.</doc>
<msg timestamp="20230817 06:27:58.175" level="INFO">criteria is com.pajk.idpersonaldoc:id/text_sms_status</msg>
<status status="PASS" starttime="20230817 06:27:58.077" endtime="20230817 06:27:58.176"/>
</kw>
<kw name="Element Should Be Visible" library="AppiumLibrary">
<arg>id=com.pajk.idpersonaldoc:id/text_sms_status</arg>
<arg>INFO</arg>
<doc>Verifies that element identified with locator is visible.</doc>
<msg timestamp="20230817 06:27:58.779" level="INFO">criteria is com.pajk.idpersonaldoc:id/text_sms_status</msg>
<status status="PASS" starttime="20230817 06:27:58.176" endtime="20230817 06:27:58.779"/>
</kw>
<kw name="Element Should Contain Text" library="AppiumLibrary">
<arg>com.pajk.idpersonaldoc:id/manual_layout_title</arg>
<arg>+62 ${phonenumber}</arg>
<doc>Verifies element identified by ``locator`` contains text ``expected``.</doc>
<msg timestamp="20230817 06:27:58.783" level="INFO">Verifying element 'com.pajk.idpersonaldoc:id/manual_layout_title' contains text '+62 82227239963'.</msg>
<msg timestamp="20230817 06:27:58.861" level="INFO">criteria is com.pajk.idpersonaldoc:id/manual_layout_title</msg>
<status status="PASS" starttime="20230817 06:27:58.780" endtime="20230817 06:27:58.861"/>
</kw>
<status status="PASS" starttime="20230817 06:27:58.076" endtime="20230817 06:27:58.862"/>
</kw>
<status status="PASS" starttime="20230817 06:27:54.137" endtime="20230817 06:27:58.862"/>
</test>
<test id="s1-t6" name="Input invalid OTP code at the OTP page" line="109">
<kw name="Invalid OTP input">
<kw name="Press Keycode" library="AppiumLibrary">
<arg>145</arg>
<doc>Sends a press of keycode to the device.</doc>
<status status="PASS" starttime="20230817 06:27:58.863" endtime="20230817 06:27:58.998"/>
</kw>
<kw name="Press Keycode" library="AppiumLibrary">
<arg>146</arg>
<doc>Sends a press of keycode to the device.</doc>
<status status="PASS" starttime="20230817 06:27:58.998" endtime="20230817 06:27:59.779"/>
</kw>
<kw name="Press Keycode" library="AppiumLibrary">
<arg>147</arg>
<doc>Sends a press of keycode to the device.</doc>
<status status="PASS" starttime="20230817 06:27:59.780" endtime="20230817 06:28:00.761"/>
</kw>
<kw name="Press Keycode" library="AppiumLibrary">
<arg>148</arg>
<doc>Sends a press of keycode to the device.</doc>
<status status="PASS" starttime="20230817 06:28:00.761" endtime="20230817 06:28:01.777"/>
</kw>
<kw name="Press Keycode" library="AppiumLibrary">
<arg>149</arg>
<doc>Sends a press of keycode to the device.</doc>
<status status="PASS" starttime="20230817 06:28:01.777" endtime="20230817 06:28:03.078"/>
</kw>
<kw name="Press Keycode" library="AppiumLibrary">
<arg>150</arg>
<doc>Sends a press of keycode to the device.</doc>
<status status="PASS" starttime="20230817 06:28:03.078" endtime="20230817 06:28:03.809"/>
</kw>
<kw name="Click Element" library="AppiumLibrary">
<arg>id=com.pajk.idpersonaldoc:id/login_btn</arg>
<doc>Click element identified by `locator`.</doc>
<msg timestamp="20230817 06:28:03.813" level="INFO">Clicking element 'id=com.pajk.idpersonaldoc:id/login_btn'.</msg>
<msg timestamp="20230817 06:28:04.834" level="INFO">criteria is com.pajk.idpersonaldoc:id/login_btn</msg>
<status status="PASS" starttime="20230817 06:28:03.809" endtime="20230817 06:28:04.834"/>
</kw>
<status status="PASS" starttime="20230817 06:27:58.863" endtime="20230817 06:28:04.834"/>
</kw>
<kw name="Verify OTP Page">
<arg>82227239963</arg>
<kw name="Wait Until Page Contains Element" library="AppiumLibrary">
<arg>id=com.pajk.idpersonaldoc:id/text_sms_status</arg>
<doc>Waits until element specified with `locator` appears on current page.</doc>
<msg timestamp="20230817 06:28:06.035" level="INFO">criteria is com.pajk.idpersonaldoc:id/text_sms_status</msg>
<status status="PASS" starttime="20230817 06:28:04.834" endtime="20230817 06:28:06.035"/>
</kw>
<kw name="Element Should Be Visible" library="AppiumLibrary">
<arg>id=com.pajk.idpersonaldoc:id/text_sms_status</arg>
<arg>INFO</arg>
<doc>Verifies that element identified with locator is visible.</doc>
<msg timestamp="20230817 06:28:06.153" level="INFO">criteria is com.pajk.idpersonaldoc:id/text_sms_status</msg>
<status status="PASS" starttime="20230817 06:28:06.035" endtime="20230817 06:28:06.153"/>
</kw>
<kw name="Element Should Contain Text" library="AppiumLibrary">
<arg>com.pajk.idpersonaldoc:id/manual_layout_title</arg>
<arg>+62 ${phonenumber}</arg>
<doc>Verifies element identified by ``locator`` contains text ``expected``.</doc>
<msg timestamp="20230817 06:28:06.157" level="INFO">Verifying element 'com.pajk.idpersonaldoc:id/manual_layout_title' contains text '+62 82227239963'.</msg>
<msg timestamp="20230817 06:28:06.706" level="INFO">criteria is com.pajk.idpersonaldoc:id/manual_layout_title</msg>
<status status="PASS" starttime="20230817 06:28:06.154" endtime="20230817 06:28:06.706"/>
</kw>
<status status="PASS" starttime="20230817 06:28:04.834" endtime="20230817 06:28:06.706"/>
</kw>
<status status="PASS" starttime="20230817 06:27:58.863" endtime="20230817 06:28:06.707"/>
</test>
<test id="s1-t7" name="wait for 1 minute and then tap &quot;resend otp&quot; button" line="113">
<kw name="Verify OTP Page">
<arg>82227239963</arg>
<kw name="Wait Until Page Contains Element" library="AppiumLibrary">
<arg>id=com.pajk.idpersonaldoc:id/text_sms_status</arg>
<doc>Waits until element specified with `locator` appears on current page.</doc>
<msg timestamp="20230817 06:28:06.791" level="INFO">criteria is com.pajk.idpersonaldoc:id/text_sms_status</msg>
<status status="PASS" starttime="20230817 06:28:06.712" endtime="20230817 06:28:06.791"/>
</kw>
<kw name="Element Should Be Visible" library="AppiumLibrary">
<arg>id=com.pajk.idpersonaldoc:id/text_sms_status</arg>
<arg>INFO</arg>
<doc>Verifies that element identified with locator is visible.</doc>
<msg timestamp="20230817 06:28:06.871" level="INFO">criteria is com.pajk.idpersonaldoc:id/text_sms_status</msg>
<status status="PASS" starttime="20230817 06:28:06.791" endtime="20230817 06:28:06.871"/>
</kw>
<kw name="Element Should Contain Text" library="AppiumLibrary">
<arg>com.pajk.idpersonaldoc:id/manual_layout_title</arg>
<arg>+62 ${phonenumber}</arg>
<doc>Verifies element identified by ``locator`` contains text ``expected``.</doc>
<msg timestamp="20230817 06:28:06.872" level="INFO">Verifying element 'com.pajk.idpersonaldoc:id/manual_layout_title' contains text '+62 82227239963'.</msg>
<msg timestamp="20230817 06:28:06.947" level="INFO">criteria is com.pajk.idpersonaldoc:id/manual_layout_title</msg>
<status status="PASS" starttime="20230817 06:28:06.871" endtime="20230817 06:28:06.947"/>
</kw>
<status status="PASS" starttime="20230817 06:28:06.712" endtime="20230817 06:28:06.947"/>
</kw>
<kw name="Tap Resend OTP">
<kw name="Wait Until Element Is Visible" library="AppiumLibrary">
<arg>id=com.pajk.idpersonaldoc:id/text_sms_status</arg>
<arg>None</arg>
<arg>None</arg>
<doc>Waits until element specified with `locator` is visible.</doc>
<msg timestamp="20230817 06:28:07.003" level="INFO">criteria is com.pajk.idpersonaldoc:id/text_sms_status</msg>
<status status="PASS" starttime="20230817 06:28:06.948" endtime="20230817 06:28:07.003"/>
</kw>
<kw name="Wait Until Page Contains" library="AppiumLibrary">
<arg>Minta kode verifikasi lagi.</arg>
<arg>61</arg>
<doc>Waits until `text` appears on current page.</doc>
<status status="PASS" starttime="20230817 06:28:07.004" endtime="20230817 06:28:56.395"/>
</kw>
<kw name="Click Element" library="AppiumLibrary">
<arg>id=com.pajk.idpersonaldoc:id/text_sms_status</arg>
<doc>Click element identified by `locator`.</doc>
<msg timestamp="20230817 06:28:56.398" level="INFO">Clicking element 'id=com.pajk.idpersonaldoc:id/text_sms_status'.</msg>
<msg timestamp="20230817 06:28:57.085" level="INFO">criteria is com.pajk.idpersonaldoc:id/text_sms_status</msg>
<status status="PASS" starttime="20230817 06:28:56.395" endtime="20230817 06:28:57.085"/>
</kw>
<status status="PASS" starttime="20230817 06:28:06.948" endtime="20230817 06:28:57.085"/>
</kw>
<status status="PASS" starttime="20230817 06:28:06.711" endtime="20230817 06:28:57.086"/>
</test>
<status status="PASS" starttime="20230817 06:27:22.394" endtime="20230817 06:28:57.091"/>
</suite>
<statistics>
<total>
<stat pass="7" fail="0" skip="0">All Tests</stat>
</total>
<tag>
</tag>
<suite>
<stat pass="7" fail="0" skip="0" id="s1" name="Test">Test</stat>
</suite>
</statistics>
<errors>
</errors>
</robot>
